2025-07-14 14:52:15.821 INFO  c.k.katalon.core.main.TestSuiteExecutor  - START Test Suites/Login and Switch Org
2025-07-14 14:52:15.936 INFO  c.k.katalon.core.main.TestSuiteExecutor  - userFullName = Ann Poole
2025-07-14 14:52:15.938 INFO  c.k.katalon.core.main.TestSuiteExecutor  - projectName = Testing
2025-07-14 14:52:15.940 INFO  c.k.katalon.core.main.TestSuiteExecutor  - hostName = Ann - NOTEBOOKPC-44.office.local
2025-07-14 14:52:15.941 INFO  c.k.katalon.core.main.TestSuiteExecutor  - os = Windows 11 64bit
2025-07-14 14:52:15.943 INFO  c.k.katalon.core.main.TestSuiteExecutor  - hostAddress = 192.168.1.167
2025-07-14 14:52:15.944 INFO  c.k.katalon.core.main.TestSuiteExecutor  - katalonVersion = 10.2.1.0
2025-07-14 14:52:16.471 INFO  c.k.katalon.core.main.TestCaseExecutor   - --------------------
2025-07-14 14:52:16.471 INFO  c.k.katalon.core.main.TestCaseExecutor   - START Test Cases/Login
2025-07-14 14:52:16.889 DEBUG testcase.Login                           - 1: openBrowser("")
2025-07-14 14:52:17.243 INFO  c.k.k.core.webui.driver.DriverFactory    - Starting 'Chrome' driver
2025-07-14 14:52:17.299 INFO  c.k.k.c.w.d.chrome.ChromeDriverBuilder   - Use managed Chrome browser & driver
2025-07-14 14:52:17.301 INFO  c.k.k.c.w.d.chrome.ChromeDriverUtil      - Checking and download if needed Chrome browser and driver for Chrome for Testing version latest (This may take a while in case of downloading needed)
2025-07-14 14:52:18.721 INFO  c.k.k.c.w.d.chrome.ChromeDriverUtil      - Checking Chrome browser and driver completed in 1420 ms
2025-07-14 14:52:18.722 INFO  c.k.k.c.w.d.chrome.ChromeDriverBuilder   - Chrome driver path: C:\Users\ann.OFFICE\.cache\selenium\chromedriver\win64\138.0.7204.94\chromedriver.exe
2025-07-14 14:52:18.722 INFO  c.k.k.c.w.d.chrome.ChromeDriverBuilder   - Chrome browser path: C:\Users\ann.OFFICE\.cache\selenium\chrome\win64\138.0.7204.94\chrome.exe
2025-07-14 14:52:18.739 INFO  c.k.k.core.webui.driver.DriverFactory    - Action delay is set to 0 milliseconds
Jul. 14, 2025 2:52:20 P.M. org.openqa.selenium.devtools.CdpVersionFinder findNearestMatch
WARNING: Unable to find CDP implementation matching 138
Jul. 14, 2025 2:52:20 P.M. org.openqa.selenium.chromium.ChromiumDriver lambda$new$4
WARNING: Unable to find version of CDP to use for 138.0.7204.94. You may need to include a dependency on a specific version of the CDP using something similar to `org.seleniumhq.selenium:selenium-devtools-v86:4.28.1` where the version ("v86") matches the version of the chromium-based browser you're using and the version number of the artifact is the same as Selenium's.
2025-07-14 14:52:21.410 INFO  c.k.k.core.webui.driver.DriverFactory    - sessionId = 3a9debbc1ea8644e6fd9fc321cf7e2f1
2025-07-14 14:52:21.413 INFO  c.k.k.core.webui.driver.DriverFactory    - browser = Chrome 138.0.7204.94
2025-07-14 14:52:21.414 INFO  c.k.k.core.webui.driver.DriverFactory    - platform = Windows 11
2025-07-14 14:52:21.415 INFO  c.k.k.core.webui.driver.DriverFactory    - seleniumVersion = 4.28.1
2025-07-14 14:52:21.425 INFO  c.k.k.core.webui.driver.DriverFactory    - proxyInformation = ProxyInformation { proxyOption=NO_PROXY, proxyServerType=HTTP, username=, password=********, proxyServerAddress=, proxyServerPort=0, executionList="", isApplyToDesiredCapabilities=true }
2025-07-14 14:52:21.464 DEBUG testcase.Login                           - 2: navigateToUrl(G_SiteURL)
2025-07-14 14:52:22.415 DEBUG testcase.Login                           - 3: maximizeWindow()
2025-07-14 14:52:22.557 DEBUG testcase.Login                           - 4: setText(findTestObject("Object Repository/Page_IBEX Payroll - Login/input_Username_Input.Username"), "uat.dstewart")
2025-07-14 14:52:23.448 DEBUG testcase.Login                           - 5: setEncryptedText(findTestObject("Object Repository/Page_IBEX Payroll - Login/input_Show Password_Input.Password"), "p4y+y39Ir5Oy1MY8jPt0uQ==")
2025-07-14 14:52:23.864 DEBUG testcase.Login                           - 6: click(findTestObject("Object Repository/Page_IBEX Payroll - Login/input_Remember me_Input.Button"))
2025-07-14 14:52:27.705 INFO  c.k.katalon.core.main.TestCaseExecutor   - END Test Cases/Login
2025-07-14 14:52:27.710 INFO  c.k.katalon.core.main.TestCaseExecutor   - --------------------
2025-07-14 14:52:27.710 INFO  c.k.katalon.core.main.TestCaseExecutor   - START Test Cases/Switch Org
2025-07-14 14:52:27.793 DEBUG testcase.Login                           - 1: navigateToUrl(G_PayrollPage)
2025-07-14 14:52:28.123 DEBUG testcase.Login                           - 2: click(findTestObject("Object Repository/Switch_Org/Page_IBEX Payroll - Home/a_swap_horiz Switch SetupSimpleDialog(orgCo_55ee7d"))
2025-07-14 14:52:28.661 DEBUG testcase.Login                           - 3: click(findTestObject("Object Repository/Switch_Org/Page_IBEX Payroll - Home/a_Anns Test Org"))
2025-07-14 14:52:29.734 INFO  c.k.katalon.core.main.TestCaseExecutor   - END Test Cases/Switch Org
2025-07-14 14:52:29.738 INFO  c.k.katalon.core.main.TestCaseExecutor   - --------------------
2025-07-14 14:52:29.739 INFO  c.k.katalon.core.main.TestCaseExecutor   - START Test Cases/Logout and Close Browser
2025-07-14 14:52:29.823 DEBUG testcase.Login                           - 1: navigateToUrl("https://sit.ibexpayroll.com:8443/main/identityserver/connect/authorize/callback?client_id=everesthybrid&redirect_uri=https%3A%2F%2Fsit.ibexpayroll.com%3A8443%2Fmain%2Feverest%2FLogin%2FAuthenticate.mr&response_mode=form_post&response_type=code%20id_token%20token&scope=everest%20openid%20user_name&state=OpenIdConnect.AuthenticationProperties%3DXvvVZ-cZI0LM_yNkgSmwLuqaakOGaOvHCMnzdl-YVuV3jnvXQY3NzUSowfP3F5LZzJ2TEOzbNHO-NQqfP_MFnsg3b3cRLfsyFuxsI1xZWbsS1b4o61cV98J475fkSAkmXe7KMsQkgAei-pBjop7I9NX2qIi0Py8EzwJm2On3t56rwy30RcDxoxnhaisUBjyYBlCW9bR2WMvP0n7o9btdX0xD9ayTK5vi2pekX8kIKl3J1ggcc6-l2fDvmVPYxZdFtYxkLBX76SmUD4zlriRuxDK_kGKjHGQaXx3zOcDk75K0sRojgE5e3RoAK1kad8Ug&nonce=638881193584507119.NjJhMzRiMTgtNjFlNy00OTk3LWJhMmYtMDQ2ZDAxMmZjMjE2N2NiYzhiNWEtMDZkMS00ZThiLTk2ZGYtNGFmNWU3MzVmZWY5")
2025-07-14 14:52:30.719 DEBUG testcase.Login                           - 2: click(findTestObject("Object Repository/Page_IBEX Payroll - Home/div_Darryl Stewart"))
2025-07-14 14:53:01.737 INFO  c.k.k.c.webui.common.WebUiCommonHelper   - Unable to find the element located by 'By.xpath: //div[@id='headerUserFullName']'. Please recheck the objects properties to make sure the desired element is located. 
2025-07-14 14:53:01.738 WARN  c.k.k.c.webui.common.WebUiCommonHelper   - [SELF-HEALING] Failed to find element with id 'Object Repository/Page_IBEX Payroll - Home/div_Darryl Stewart'. Try using Self-healing.
2025-07-14 14:53:01.988 INFO  c.k.k.c.webui.common.WebUiCommonHelper   - [SELF-HEALING] Failed Locator: '//div[@id='headerUserFullName']'.
2025-07-14 14:53:02.226 INFO  c.k.k.c.webui.common.WebUiCommonHelper   - [SELF-HEALING] Failed Locator: '//div[@id='js-user-menu']/div/div/div'.
2025-07-14 14:53:02.470 INFO  c.k.k.c.webui.common.WebUiCommonHelper   - [SELF-HEALING] Failed Locator: '(.//*[normalize-space(text()) and normalize-space(.)='close'])[1]/following::div[6]'.
2025-07-14 14:53:02.707 INFO  c.k.k.c.webui.common.WebUiCommonHelper   - [SELF-HEALING] Failed Locator: '(.//*[normalize-space(text()) and normalize-space(.)='Advanced Search'])[1]/following::div[6]'.
2025-07-14 14:53:02.945 INFO  c.k.k.c.webui.common.WebUiCommonHelper   - [SELF-HEALING] Failed Locator: '(.//*[normalize-space(text()) and normalize-space(.)='Client 100'])[1]/preceding::div[1]'.
2025-07-14 14:53:03.187 INFO  c.k.k.c.webui.common.WebUiCommonHelper   - [SELF-HEALING] Failed Locator: '(.//*[normalize-space(text()) and normalize-space(.)='expand_more'])[1]/preceding::div[2]'.
2025-07-14 14:53:03.439 INFO  c.k.k.c.webui.common.WebUiCommonHelper   - [SELF-HEALING] Failed Locator: '//*/text()[normalize-space(.)='Darryl Stewart']/parent::*'.
2025-07-14 14:53:03.674 INFO  c.k.k.c.webui.common.WebUiCommonHelper   - [SELF-HEALING] Failed Locator: '//div[2]/div/div/div/div/div'.
2025-07-14 14:53:03.908 INFO  c.k.k.c.webui.common.WebUiCommonHelper   - [SELF-HEALING] Failed Locator: '//div[@id = 'headerUserFullName' and (text() = '
                                            Darryl Stewart                                        ' or . = '
                                            Darryl Stewart                                        ')]'.
2025-07-14 14:53:06.124 INFO  c.k.k.c.webui.common.WebUiCommonHelper   - Unable to find the element located by 'By.xpath: //*[@id = 'headerUserFullName' and (text() = '
                                            Darryl Stewart                                        ' or . = '
                                            Darryl Stewart                                        ')]'. Please recheck the objects properties to make sure the desired element is located. 
2025-07-14 14:53:07.343 INFO  c.k.k.c.webui.common.WebUiCommonHelper   - Unable to find the element located by 'By.cssSelector: #headerUserFullName'. Please recheck the objects properties to make sure the desired element is located. 
2025-07-14 14:53:07.609 ERROR c.k.k.core.keyword.internal.KeywordMain  - ❌ Unable to click on object 'Object Repository/Page_IBEX Payroll - Home/div_Darryl Stewart' (Root cause: com.kms.katalon.core.exception.StepFailedException: Unable to click on object 'Object Repository/Page_IBEX Payroll - Home/div_Darryl Stewart'
	at com.kms.katalon.core.webui.keyword.internal.WebUIKeywordMain.stepFailed(WebUIKeywordMain.groovy:117)
	at com.kms.katalon.core.webui.keyword.internal.WebUIKeywordMain.runKeyword(WebUIKeywordMain.groovy:43)
	at com.kms.katalon.core.webui.keyword.builtin.ClickKeyword.click(ClickKeyword.groovy:75)
	at com.kms.katalon.core.webui.keyword.builtin.ClickKeyword.execute(ClickKeyword.groovy:40)
	at com.kms.katalon.core.keyword.internal.KeywordExecutor.executeKeywordForPlatform(KeywordExecutor.groovy:74)
	at com.kms.katalon.core.webui.keyword.WebUiBuiltInKeywords.click(WebUiBuiltInKeywords.groovy:696)
	at Logout and Close Browser.run(Logout and Close Browser:22)
	at com.kms.katalon.core.main.ScriptEngine.run(ScriptEngine.java:194)
	at com.kms.katalon.core.main.ScriptEngine.runScriptAsRawText(ScriptEngine.java:119)
	at com.kms.katalon.core.main.TestCaseExecutor.runScript(TestCaseExecutor.java:486)
	at com.kms.katalon.core.main.TestCaseExecutor.doExecute(TestCaseExecutor.java:477)
	at com.kms.katalon.core.main.TestCaseExecutor.processExecutionPhase(TestCaseExecutor.java:456)
	at com.kms.katalon.core.main.TestCaseExecutor.accessMainPhase(TestCaseExecutor.java:448)
	at com.kms.katalon.core.main.TestCaseExecutor.execute(TestCaseExecutor.java:322)
	at com.kms.katalon.core.common.CommonExecutor.accessTestCaseMainPhase(CommonExecutor.java:71)
	at com.kms.katalon.core.main.TestSuiteExecutor.accessTestSuiteMainPhase(TestSuiteExecutor.java:160)
	at com.kms.katalon.core.main.TestSuiteExecutor.execute(TestSuiteExecutor.java:107)
	at com.kms.katalon.core.main.TestCaseMain.startTestSuite(TestCaseMain.java:186)
	at TempTestSuite1752522726338.run(TempTestSuite1752522726338.groovy:35)
	at java.base/jdk.internal.reflect.NativeMethodAccessorImpl.invoke0(Native Method)
	at java.base/jdk.internal.reflect.NativeMethodAccessorImpl.invoke(NativeMethodAccessorImpl.java:77)
	at java.base/jdk.internal.reflect.DelegatingMethodAccessorImpl.invoke(DelegatingMethodAccessorImpl.java:43)
Caused by: com.kms.katalon.core.webui.exception.WebElementNotFoundException: Web element with id: 'Object Repository/Page_IBEX Payroll - Home/div_Darryl Stewart' located by '//div[@id='headerUserFullName']' not found
	at com.kms.katalon.core.webui.common.WebUiCommonHelper.findWebElement(WebUiCommonHelper.java:1457)
	at com.kms.katalon.core.webui.keyword.internal.WebUIAbstractKeyword.findWebElement(WebUIAbstractKeyword.groovy:27)
	at com.kms.katalon.core.webui.keyword.builtin.ClickKeyword$_click_closure1.doCall(ClickKeyword.groovy:66)
	at com.kms.katalon.core.webui.keyword.builtin.ClickKeyword$_click_closure1.call(ClickKeyword.groovy)
	at com.kms.katalon.core.webui.keyword.internal.WebUIKeywordMain.runKeyword(WebUIKeywordMain.groovy:35)
	at com.kms.katalon.core.webui.keyword.builtin.ClickKeyword.click(ClickKeyword.groovy:75)
	at com.kms.katalon.core.webui.keyword.builtin.ClickKeyword.execute(ClickKeyword.groovy:40)
	at com.kms.katalon.core.keyword.internal.KeywordExecutor.executeKeywordForPlatform(KeywordExecutor.groovy:74)
	at com.kms.katalon.core.webui.keyword.WebUiBuiltInKeywords.click(WebUiBuiltInKeywords.groovy:696)
	at Script1752500496249.run(Script1752500496249.groovy:22)
	... 15 more
)
2025-07-14 14:53:07.613 ERROR c.k.katalon.core.main.TestCaseExecutor   - ❌ Test Cases/Logout and Close Browser FAILED.
Reason:
com.kms.katalon.core.exception.StepFailedException: Unable to click on object 'Object Repository/Page_IBEX Payroll - Home/div_Darryl Stewart'
	at com.kms.katalon.core.webui.keyword.internal.WebUIKeywordMain.stepFailed(WebUIKeywordMain.groovy:117)
	at com.kms.katalon.core.webui.keyword.internal.WebUIKeywordMain.runKeyword(WebUIKeywordMain.groovy:43)
	at com.kms.katalon.core.webui.keyword.builtin.ClickKeyword.click(ClickKeyword.groovy:75)
	at com.kms.katalon.core.webui.keyword.builtin.ClickKeyword.execute(ClickKeyword.groovy:40)
	at com.kms.katalon.core.keyword.internal.KeywordExecutor.executeKeywordForPlatform(KeywordExecutor.groovy:74)
	at com.kms.katalon.core.webui.keyword.WebUiBuiltInKeywords.click(WebUiBuiltInKeywords.groovy:696)
	at Logout and Close Browser.run(Logout and Close Browser:22)
	at com.kms.katalon.core.main.ScriptEngine.run(ScriptEngine.java:194)
	at com.kms.katalon.core.main.ScriptEngine.runScriptAsRawText(ScriptEngine.java:119)
	at com.kms.katalon.core.main.TestCaseExecutor.runScript(TestCaseExecutor.java:486)
	at com.kms.katalon.core.main.TestCaseExecutor.doExecute(TestCaseExecutor.java:477)
	at com.kms.katalon.core.main.TestCaseExecutor.processExecutionPhase(TestCaseExecutor.java:456)
	at com.kms.katalon.core.main.TestCaseExecutor.accessMainPhase(TestCaseExecutor.java:448)
	at com.kms.katalon.core.main.TestCaseExecutor.execute(TestCaseExecutor.java:322)
	at com.kms.katalon.core.common.CommonExecutor.accessTestCaseMainPhase(CommonExecutor.java:71)
	at com.kms.katalon.core.main.TestSuiteExecutor.accessTestSuiteMainPhase(TestSuiteExecutor.java:160)
	at com.kms.katalon.core.main.TestSuiteExecutor.execute(TestSuiteExecutor.java:107)
	at com.kms.katalon.core.main.TestCaseMain.startTestSuite(TestCaseMain.java:186)
	at TempTestSuite1752522726338.run(TempTestSuite1752522726338.groovy:35)
	at java.base/jdk.internal.reflect.NativeMethodAccessorImpl.invoke0(Native Method)
	at java.base/jdk.internal.reflect.NativeMethodAccessorImpl.invoke(NativeMethodAccessorImpl.java:77)
	at java.base/jdk.internal.reflect.DelegatingMethodAccessorImpl.invoke(DelegatingMethodAccessorImpl.java:43)
Caused by: com.kms.katalon.core.webui.exception.WebElementNotFoundException: Web element with id: 'Object Repository/Page_IBEX Payroll - Home/div_Darryl Stewart' located by '//div[@id='headerUserFullName']' not found
	at com.kms.katalon.core.webui.common.WebUiCommonHelper.findWebElement(WebUiCommonHelper.java:1457)
	at com.kms.katalon.core.webui.keyword.internal.WebUIAbstractKeyword.findWebElement(WebUIAbstractKeyword.groovy:27)
	at com.kms.katalon.core.webui.keyword.builtin.ClickKeyword$_click_closure1.doCall(ClickKeyword.groovy:66)
	at com.kms.katalon.core.webui.keyword.builtin.ClickKeyword$_click_closure1.call(ClickKeyword.groovy)
	at com.kms.katalon.core.webui.keyword.internal.WebUIKeywordMain.runKeyword(WebUIKeywordMain.groovy:35)
	... 20 more

2025-07-14 14:53:07.616 INFO  c.k.katalon.core.main.TestCaseExecutor   - END Test Cases/Logout and Close Browser
2025-07-14 14:53:07.619 INFO  c.k.katalon.core.main.TestCaseExecutor   - --------------------
2025-07-14 14:53:07.620 INFO  c.k.katalon.core.main.TestCaseExecutor   - START Test Cases/Logout and Close Browser
2025-07-14 14:53:07.630 DEBUG testcase.Login                           - 1: navigateToUrl("https://sit.ibexpayroll.com:8443/main/identityserver/connect/authorize/callback?client_id=everesthybrid&redirect_uri=https%3A%2F%2Fsit.ibexpayroll.com%3A8443%2Fmain%2Feverest%2FLogin%2FAuthenticate.mr&response_mode=form_post&response_type=code%20id_token%20token&scope=everest%20openid%20user_name&state=OpenIdConnect.AuthenticationProperties%3DXvvVZ-cZI0LM_yNkgSmwLuqaakOGaOvHCMnzdl-YVuV3jnvXQY3NzUSowfP3F5LZzJ2TEOzbNHO-NQqfP_MFnsg3b3cRLfsyFuxsI1xZWbsS1b4o61cV98J475fkSAkmXe7KMsQkgAei-pBjop7I9NX2qIi0Py8EzwJm2On3t56rwy30RcDxoxnhaisUBjyYBlCW9bR2WMvP0n7o9btdX0xD9ayTK5vi2pekX8kIKl3J1ggcc6-l2fDvmVPYxZdFtYxkLBX76SmUD4zlriRuxDK_kGKjHGQaXx3zOcDk75K0sRojgE5e3RoAK1kad8Ug&nonce=638881193584507119.NjJhMzRiMTgtNjFlNy00OTk3LWJhMmYtMDQ2ZDAxMmZjMjE2N2NiYzhiNWEtMDZkMS00ZThiLTk2ZGYtNGFmNWU3MzVmZWY5")
2025-07-14 14:53:07.952 DEBUG testcase.Login                           - 2: click(findTestObject("Object Repository/Page_IBEX Payroll - Home/div_Darryl Stewart"))
2025-07-14 14:53:39.047 INFO  c.k.k.c.webui.common.WebUiCommonHelper   - Unable to find the element located by 'By.xpath: //div[@id='headerUserFullName']'. Please recheck the objects properties to make sure the desired element is located. 
2025-07-14 14:53:39.048 WARN  c.k.k.c.webui.common.WebUiCommonHelper   - [SELF-HEALING] Failed to find element with id 'Object Repository/Page_IBEX Payroll - Home/div_Darryl Stewart'. Try using Self-healing.
2025-07-14 14:53:39.304 INFO  c.k.k.c.webui.common.WebUiCommonHelper   - [SELF-HEALING] Failed Locator: '//div[@id='headerUserFullName']'.
2025-07-14 14:53:39.536 INFO  c.k.k.c.webui.common.WebUiCommonHelper   - [SELF-HEALING] Failed Locator: '//div[@id='js-user-menu']/div/div/div'.
2025-07-14 14:53:39.784 INFO  c.k.k.c.webui.common.WebUiCommonHelper   - [SELF-HEALING] Failed Locator: '(.//*[normalize-space(text()) and normalize-space(.)='close'])[1]/following::div[6]'.
2025-07-14 14:53:39.536 INFO  c.k.k.c.webui.common.WebUiCommonHelper   - [SELF-HEALING] Failed Locator: '//div[@id='js-user-menu']/div/div/div'.
2025-07-14 14:53:39.784 INFO  c.k.k.c.webui.common.WebUiCommonHelper   - [SELF-HEALING] Failed Locator: '(.//*[normalize-space(text()) and normalize-space(.)='close'])[1]/following::div[6]'.
2025-07-14 14:53:40.020 INFO  c.k.k.c.webui.common.WebUiCommonHelper   - [SELF-HEALING] Failed Locator: '(.//*[normalize-space(text()) and normalize-space(.)='Advanced Search'])[1]/following::div[6]'.
2025-07-14 14:53:40.254 INFO  c.k.k.c.webui.common.WebUiCommonHelper   - [SELF-HEALING] Failed Locator: '(.//*[normalize-space(text()) and normalize-space(.)='Client 100'])[1]/preceding::div[1]'.
2025-07-14 14:53:40.490 INFO  c.k.k.c.webui.common.WebUiCommonHelper   - [SELF-HEALING] Failed Locator: '(.//*[normalize-space(text()) and normalize-space(.)='expand_more'])[1]/preceding::div[2]'.
2025-07-14 14:53:40.732 INFO  c.k.k.c.webui.common.WebUiCommonHelper   - [SELF-HEALING] Failed Locator: '//*/text()[normalize-space(.)='Darryl Stewart']/parent::*'.
2025-07-14 14:53:40.969 INFO  c.k.k.c.webui.common.WebUiCommonHelper   - [SELF-HEALING] Failed Locator: '//div[2]/div/div/div/div/div'.
2025-07-14 14:53:41.201 INFO  c.k.k.c.webui.common.WebUiCommonHelper   - [SELF-HEALING] Failed Locator: '//div[@id = 'headerUserFullName' and (text() = '
                                            Darryl Stewart                                        ' or . = '
                                            Darryl Stewart                                        ')]'.
2025-07-14 14:53:43.387 INFO  c.k.k.c.webui.common.WebUiCommonHelper   - Unable to find the element located by 'By.xpath: //*[@id = 'headerUserFullName' and (text() = '
                                            Darryl Stewart                                        ' or . = '
                                            Darryl Stewart                                        ')]'. Please recheck the objects properties to make sure the desired element is located. 
2025-07-14 14:53:44.607 INFO  c.k.k.c.webui.common.WebUiCommonHelper   - Unable to find the element located by 'By.cssSelector: #headerUserFullName'. Please recheck the objects properties to make sure the desired element is located. 
2025-07-14 14:53:44.824 ERROR c.k.k.core.keyword.internal.KeywordMain  - ❌ Unable to click on object 'Object Repository/Page_IBEX Payroll - Home/div_Darryl Stewart' (Root cause: com.kms.katalon.core.exception.StepFailedException: Unable to click on object 'Object Repository/Page_IBEX Payroll - Home/div_Darryl Stewart'
	at com.kms.katalon.core.webui.keyword.internal.WebUIKeywordMain.stepFailed(WebUIKeywordMain.groovy:117)
	at com.kms.katalon.core.webui.keyword.internal.WebUIKeywordMain.runKeyword(WebUIKeywordMain.groovy:43)
	at com.kms.katalon.core.webui.keyword.builtin.ClickKeyword.click(ClickKeyword.groovy:75)
	at com.kms.katalon.core.webui.keyword.builtin.ClickKeyword.execute(ClickKeyword.groovy:40)
	at com.kms.katalon.core.keyword.internal.KeywordExecutor.executeKeywordForPlatform(KeywordExecutor.groovy:74)
	at com.kms.katalon.core.webui.keyword.WebUiBuiltInKeywords.click(WebUiBuiltInKeywords.groovy:696)
	at Logout and Close Browser.run(Logout and Close Browser:22)
	at com.kms.katalon.core.main.ScriptEngine.run(ScriptEngine.java:194)
	at com.kms.katalon.core.main.ScriptEngine.runScriptAsRawText(ScriptEngine.java:119)
	at com.kms.katalon.core.main.TestCaseExecutor.runScript(TestCaseExecutor.java:486)
	at com.kms.katalon.core.main.TestCaseExecutor.doExecute(TestCaseExecutor.java:477)
	at com.kms.katalon.core.main.TestCaseExecutor.processExecutionPhase(TestCaseExecutor.java:456)
	at com.kms.katalon.core.main.TestCaseExecutor.accessMainPhase(TestCaseExecutor.java:448)
	at com.kms.katalon.core.main.TestCaseExecutor.execute(TestCaseExecutor.java:322)
	at com.kms.katalon.core.main.TestCaseExecutor.execute(TestCaseExecutor.java:406)
	at com.kms.katalon.core.common.CommonExecutor.accessTestCaseMainPhase(CommonExecutor.java:71)
	at com.kms.katalon.core.main.TestSuiteExecutor.accessTestSuiteMainPhase(TestSuiteExecutor.java:160)
	at com.kms.katalon.core.main.TestSuiteExecutor.execute(TestSuiteExecutor.java:107)
	at com.kms.katalon.core.main.TestCaseMain.startTestSuite(TestCaseMain.java:186)
	at TempTestSuite1752522726338.run(TempTestSuite1752522726338.groovy:35)
	at java.base/jdk.internal.reflect.NativeMethodAccessorImpl.invoke0(Native Method)
	at java.base/jdk.internal.reflect.NativeMethodAccessorImpl.invoke(NativeMethodAccessorImpl.java:77)
	at java.base/jdk.internal.reflect.DelegatingMethodAccessorImpl.invoke(DelegatingMethodAccessorImpl.java:43)
Caused by: com.kms.katalon.core.webui.exception.WebElementNotFoundException: Web element with id: 'Object Repository/Page_IBEX Payroll - Home/div_Darryl Stewart' located by '//div[@id='headerUserFullName']' not found
	at com.kms.katalon.core.webui.common.WebUiCommonHelper.findWebElement(WebUiCommonHelper.java:1457)
	at com.kms.katalon.core.webui.keyword.internal.WebUIAbstractKeyword.findWebElement(WebUIAbstractKeyword.groovy:27)
	at com.kms.katalon.core.webui.keyword.builtin.ClickKeyword$_click_closure1.doCall(ClickKeyword.groovy:66)
	at com.kms.katalon.core.webui.keyword.builtin.ClickKeyword$_click_closure1.call(ClickKeyword.groovy)
	at com.kms.katalon.core.webui.keyword.internal.WebUIKeywordMain.runKeyword(WebUIKeywordMain.groovy:35)
	at com.kms.katalon.core.webui.keyword.builtin.ClickKeyword.click(ClickKeyword.groovy:75)
	at com.kms.katalon.core.webui.keyword.builtin.ClickKeyword.execute(ClickKeyword.groovy:40)
	at com.kms.katalon.core.keyword.internal.KeywordExecutor.executeKeywordForPlatform(KeywordExecutor.groovy:74)
	at com.kms.katalon.core.webui.keyword.WebUiBuiltInKeywords.click(WebUiBuiltInKeywords.groovy:696)
	at Script1752500496249.run(Script1752500496249.groovy:22)
	... 16 more
)
2025-07-14 14:53:44.827 ERROR c.k.katalon.core.main.TestCaseExecutor   - ❌ Test Cases/Logout and Close Browser FAILED.
Reason:
com.kms.katalon.core.exception.StepFailedException: Unable to click on object 'Object Repository/Page_IBEX Payroll - Home/div_Darryl Stewart'
	at com.kms.katalon.core.webui.keyword.internal.WebUIKeywordMain.stepFailed(WebUIKeywordMain.groovy:117)
	at com.kms.katalon.core.webui.keyword.internal.WebUIKeywordMain.runKeyword(WebUIKeywordMain.groovy:43)
	at com.kms.katalon.core.webui.keyword.builtin.ClickKeyword.click(ClickKeyword.groovy:75)
	at com.kms.katalon.core.webui.keyword.builtin.ClickKeyword.execute(ClickKeyword.groovy:40)
	at com.kms.katalon.core.keyword.internal.KeywordExecutor.executeKeywordForPlatform(KeywordExecutor.groovy:74)
	at com.kms.katalon.core.webui.keyword.WebUiBuiltInKeywords.click(WebUiBuiltInKeywords.groovy:696)
	at Logout and Close Browser.run(Logout and Close Browser:22)
	at com.kms.katalon.core.main.ScriptEngine.run(ScriptEngine.java:194)
	at com.kms.katalon.core.main.ScriptEngine.runScriptAsRawText(ScriptEngine.java:119)
	at com.kms.katalon.core.main.TestCaseExecutor.runScript(TestCaseExecutor.java:486)
	at com.kms.katalon.core.main.TestCaseExecutor.doExecute(TestCaseExecutor.java:477)
	at com.kms.katalon.core.main.TestCaseExecutor.processExecutionPhase(TestCaseExecutor.java:456)
	at com.kms.katalon.core.main.TestCaseExecutor.accessMainPhase(TestCaseExecutor.java:448)
	at com.kms.katalon.core.main.TestCaseExecutor.execute(TestCaseExecutor.java:322)
	at com.kms.katalon.core.main.TestCaseExecutor.execute(TestCaseExecutor.java:406)
	at com.kms.katalon.core.common.CommonExecutor.accessTestCaseMainPhase(CommonExecutor.java:71)
	at com.kms.katalon.core.main.TestSuiteExecutor.accessTestSuiteMainPhase(TestSuiteExecutor.java:160)
	at com.kms.katalon.core.main.TestSuiteExecutor.execute(TestSuiteExecutor.java:107)
	at com.kms.katalon.core.main.TestCaseMain.startTestSuite(TestCaseMain.java:186)
	at TempTestSuite1752522726338.run(TempTestSuite1752522726338.groovy:35)
	at java.base/jdk.internal.reflect.NativeMethodAccessorImpl.invoke0(Native Method)
	at java.base/jdk.internal.reflect.NativeMethodAccessorImpl.invoke(NativeMethodAccessorImpl.java:77)
	at java.base/jdk.internal.reflect.DelegatingMethodAccessorImpl.invoke(DelegatingMethodAccessorImpl.java:43)
Caused by: com.kms.katalon.core.webui.exception.WebElementNotFoundException: Web element with id: 'Object Repository/Page_IBEX Payroll - Home/div_Darryl Stewart' located by '//div[@id='headerUserFullName']' not found
	at com.kms.katalon.core.webui.common.WebUiCommonHelper.findWebElement(WebUiCommonHelper.java:1457)
	at com.kms.katalon.core.webui.keyword.internal.WebUIAbstractKeyword.findWebElement(WebUIAbstractKeyword.groovy:27)
	at com.kms.katalon.core.webui.keyword.builtin.ClickKeyword$_click_closure1.doCall(ClickKeyword.groovy:66)
	at com.kms.katalon.core.webui.keyword.builtin.ClickKeyword$_click_closure1.call(ClickKeyword.groovy)
	at com.kms.katalon.core.webui.keyword.internal.WebUIKeywordMain.runKeyword(WebUIKeywordMain.groovy:35)
	... 21 more

2025-07-14 14:53:44.829 INFO  c.k.katalon.core.main.TestCaseExecutor   - END Test Cases/Logout and Close Browser
2025-07-14 14:53:44.832 INFO  c.k.katalon.core.main.TestCaseExecutor   - --------------------
2025-07-14 14:53:44.832 INFO  c.k.katalon.core.main.TestCaseExecutor   - START Test Cases/Logout and Close Browser
2025-07-14 14:53:44.844 DEBUG testcase.Login                           - 1: navigateToUrl("https://sit.ibexpayroll.com:8443/main/identityserver/connect/authorize/callback?client_id=everesthybrid&redirect_uri=https%3A%2F%2Fsit.ibexpayroll.com%3A8443%2Fmain%2Feverest%2FLogin%2FAuthenticate.mr&response_mode=form_post&response_type=code%20id_token%20token&scope=everest%20openid%20user_name&state=OpenIdConnect.AuthenticationProperties%3DXvvVZ-cZI0LM_yNkgSmwLuqaakOGaOvHCMnzdl-YVuV3jnvXQY3NzUSowfP3F5LZzJ2TEOzbNHO-NQqfP_MFnsg3b3cRLfsyFuxsI1xZWbsS1b4o61cV98J475fkSAkmXe7KMsQkgAei-pBjop7I9NX2qIi0Py8EzwJm2On3t56rwy30RcDxoxnhaisUBjyYBlCW9bR2WMvP0n7o9btdX0xD9ayTK5vi2pekX8kIKl3J1ggcc6-l2fDvmVPYxZdFtYxkLBX76SmUD4zlriRuxDK_kGKjHGQaXx3zOcDk75K0sRojgE5e3RoAK1kad8Ug&nonce=638881193584507119.NjJhMzRiMTgtNjFlNy00OTk3LWJhMmYtMDQ2ZDAxMmZjMjE2N2NiYzhiNWEtMDZkMS00ZThiLTk2ZGYtNGFmNWU3MzVmZWY5")
2025-07-14 14:53:45.268 DEBUG testcase.Login                           - 2: click(findTestObject("Object Repository/Page_IBEX Payroll - Home/div_Darryl Stewart"))
